<?xml version="1.0" encoding="UTF-8"?>
<!-- Generated by org.testng.reporters.JUnitXMLReporter -->
<testsuite hostname="LAPTOP-VQNA19QV" ignored="0" name="Default test" tests="4" failures="0" timestamp="12 Aug 2023 09:32:29 GMT" time="80.14" errors="0">
  <testcase name="test1" time="39.362" classname="asses1.project1"/>
  <testcase name="test2" time="9.804" classname="asses1.project1"/>
  <testcase name="test3" time="7.934" classname="asses1.project1"/>
  <testcase name="test4" time="18.001" classname="asses1.project1"/>
</testsuite> <!-- Default test -->
